<?xml version="1.0" encoding="UTF-8"?>
<coverage generated="1642945751721" clover="3.2.0">
  <project timestamp="1642945751721" name="All files">
    <metrics statements="50" coveredstatements="50" conditionals="40" coveredconditionals="32" methods="12" coveredmethods="12" elements="102" coveredelements="94" complexity="0" loc="50" ncloc="50" packages="1" files="3" classes="3"/>
    <file name="make-html.js" path="/home/tumi/Documents/vef2/verk1/src/make-html.js">
      <metrics statements="21" coveredstatements="21" conditionals="2" coveredconditionals="2" methods="4" coveredmethods="4"/>
      <line num="7" count="1" type="stmt"/>
      <line num="8" count="1" type="stmt"/>
      <line num="9" count="1" type="stmt"/>
      <line num="21" count="1" type="stmt"/>
      <line num="26" count="1" type="stmt"/>
      <line num="27" count="1" type="stmt"/>
      <line num="28" count="1" type="stmt"/>
      <line num="29" count="1" type="stmt"/>
      <line num="58" count="1" type="stmt"/>
      <line num="62" count="2" type="stmt"/>
      <line num="63" count="2" type="stmt"/>
      <line num="64" count="2" type="cond" truecount="2" falsecount="0"/>
      <line num="65" count="1" type="stmt"/>
      <line num="80" count="1" type="stmt"/>
      <line num="83" count="1" type="stmt"/>
      <line num="90" count="2" type="stmt"/>
      <line num="94" count="1" type="stmt"/>
      <line num="95" count="1" type="stmt"/>
      <line num="96" count="1" type="stmt"/>
      <line num="98" count="1" type="stmt"/>
      <line num="99" count="1" type="stmt"/>
    </file>
    <file name="num-calc.js" path="/home/tumi/Documents/vef2/verk1/src/num-calc.js">
      <metrics statements="17" coveredstatements="17" conditionals="32" coveredconditionals="24" methods="5" coveredmethods="5"/>
      <line num="4" count="2" type="stmt"/>
      <line num="5" count="6" type="stmt"/>
      <line num="6" count="8" type="stmt"/>
      <line num="7" count="2" type="stmt"/>
      <line num="11" count="1" type="stmt"/>
      <line num="12" count="1" type="cond" truecount="3" falsecount="1"/>
      <line num="14" count="1" type="cond" truecount="3" falsecount="1"/>
      <line num="16" count="1" type="cond" truecount="3" falsecount="1"/>
      <line num="18" count="1" type="cond" truecount="3" falsecount="1"/>
      <line num="20" count="1" type="cond" truecount="3" falsecount="1"/>
      <line num="22" count="1" type="cond" truecount="3" falsecount="1"/>
      <line num="24" count="1" type="cond" truecount="3" falsecount="1"/>
      <line num="26" count="1" type="cond" truecount="3" falsecount="1"/>
      <line num="28" count="1" type="stmt"/>
      <line num="29" count="1" type="stmt"/>
      <line num="30" count="1" type="stmt"/>
      <line num="43" count="1" type="stmt"/>
    </file>
    <file name="txt-to-num.js" path="/home/tumi/Documents/vef2/verk1/src/txt-to-num.js">
      <metrics statements="12" coveredstatements="12" conditionals="6" coveredconditionals="6" methods="3" coveredmethods="3"/>
      <line num="4" count="1" type="stmt"/>
      <line num="7" count="3" type="stmt"/>
      <line num="8" count="3" type="stmt"/>
      <line num="9" count="3" type="stmt"/>
      <line num="11" count="3" type="stmt"/>
      <line num="12" count="38" type="cond" truecount="2" falsecount="0"/>
      <line num="13" count="38" type="cond" truecount="2" falsecount="0"/>
      <line num="14" count="38" type="cond" truecount="2" falsecount="0"/>
      <line num="15" count="36" type="stmt"/>
      <line num="18" count="38" type="stmt"/>
      <line num="21" count="3" type="stmt"/>
      <line num="24" count="3" type="stmt"/>
    </file>
  </project>
</coverage>
