{"/home/tumi/Documents/vef2/verk1/src/make-html.js": {"path":"/home/tumi/Documents/vef2/verk1/src/make-html.js","statementMap":{"0":{"start":{"line":7,"column":14},"end":{"line":7,"column":33}},"1":{"start":{"line":8,"column":13},"end":{"line":8,"column":21}},"2":{"start":{"line":9,"column":12},"end":{"line":19,"column":1}},"3":{"start":{"line":21,"column":15},"end":{"line":23,"column":8}},"4":{"start":{"line":26,"column":15},"end":{"line":26,"column":23}},"5":{"start":{"line":27,"column":4},"end":{"line":27,"column":30}},"6":{"start":{"line":28,"column":4},"end":{"line":28,"column":38}},"7":{"start":{"line":29,"column":17},"end":{"line":56,"column":12}},"8":{"start":{"line":58,"column":4},"end":{"line":58,"column":24}},"9":{"start":{"line":62,"column":18},"end":{"line":62,"column":20}},"10":{"start":{"line":63,"column":4},"end":{"line":89,"column":7}},"11":{"start":{"line":64,"column":8},"end":{"line":88,"column":9}},"12":{"start":{"line":65,"column":8},"end":{"line":78,"column":11}},"13":{"start":{"line":80,"column":8},"end":{"line":80,"column":22}},"14":{"start":{"line":83,"column":12},"end":{"line":86,"column":11}},"15":{"start":{"line":90,"column":4},"end":{"line":90,"column":18}},"16":{"start":{"line":94,"column":15},"end":{"line":94,"column":18}},"17":{"start":{"line":95,"column":4},"end":{"line":95,"column":17}},"18":{"start":{"line":96,"column":4},"end":{"line":96,"column":19}},"19":{"start":{"line":98,"column":4},"end":{"line":98,"column":25}},"20":{"start":{"line":99,"column":4},"end":{"line":99,"column":16}}},"fnMap":{"0":{"name":"makePage","decl":{"start":{"line":25,"column":16},"end":{"line":25,"column":24}},"loc":{"start":{"line":25,"column":30},"end":{"line":59,"column":1}},"line":25},"1":{"name":"makeSections","decl":{"start":{"line":61,"column":16},"end":{"line":61,"column":28}},"loc":{"start":{"line":61,"column":39},"end":{"line":91,"column":1}},"line":61},"2":{"name":"(anonymous_2)","decl":{"start":{"line":63,"column":21},"end":{"line":63,"column":22}},"loc":{"start":{"line":63,"column":28},"end":{"line":89,"column":5}},"line":63},"3":{"name":"makeHTML","decl":{"start":{"line":93,"column":16},"end":{"line":93,"column":24}},"loc":{"start":{"line":93,"column":31},"end":{"line":100,"column":1}},"line":93}},"branchMap":{"0":{"loc":{"start":{"line":64,"column":8},"end":{"line":88,"column":9}},"type":"if","locations":[{"start":{"line":64,"column":8},"end":{"line":88,"column":9}},{"start":{"line":82,"column":13},"end":{"line":88,"column":9}}],"line":64}},"s":{"0":1,"1":1,"2":1,"3":1,"4":1,"5":1,"6":1,"7":1,"8":1,"9":2,"10":2,"11":2,"12":1,"13":1,"14":1,"15":2,"16":1,"17":1,"18":1,"19":1,"20":1},"f":{"0":1,"1":2,"2":2,"3":1},"b":{"0":[1,1]},"_coverageSchema":"1a1c01bbd47fc00a2c39e90264f33305004495a9","hash":"0a1cfd9c518156c8ab1a2def85026448f2a0941f"}
,"/home/tumi/Documents/vef2/verk1/src/num-calc.js": {"path":"/home/tumi/Documents/vef2/verk1/src/num-calc.js","statementMap":{"0":{"start":{"line":4,"column":14},"end":{"line":4,"column":24}},"1":{"start":{"line":5,"column":14},"end":{"line":5,"column":45}},"2":{"start":{"line":5,"column":35},"end":{"line":5,"column":40}},"3":{"start":{"line":6,"column":16},"end":{"line":6,"column":79}},"4":{"start":{"line":6,"column":39},"end":{"line":6,"column":49}},"5":{"start":{"line":6,"column":68},"end":{"line":6,"column":73}},"6":{"start":{"line":7,"column":4},"end":{"line":7,"column":57}},"7":{"start":{"line":11,"column":17},"end":{"line":11,"column":29}},"8":{"start":{"line":12,"column":16},"end":{"line":13,"column":66}},"9":{"start":{"line":14,"column":16},"end":{"line":15,"column":69}},"10":{"start":{"line":16,"column":17},"end":{"line":17,"column":62}},"11":{"start":{"line":18,"column":16},"end":{"line":19,"column":64}},"12":{"start":{"line":20,"column":16},"end":{"line":21,"column":69}},"13":{"start":{"line":22,"column":17},"end":{"line":23,"column":78}},"14":{"start":{"line":24,"column":16},"end":{"line":25,"column":61}},"15":{"start":{"line":26,"column":18},"end":{"line":27,"column":53}},"16":{"start":{"line":28,"column":14},"end":{"line":28,"column":32}},"17":{"start":{"line":29,"column":17},"end":{"line":29,"column":28}},"18":{"start":{"line":30,"column":16},"end":{"line":42,"column":5}},"19":{"start":{"line":43,"column":4},"end":{"line":43,"column":15}}},"fnMap":{"0":{"name":"getStandardDeviation","decl":{"start":{"line":3,"column":16},"end":{"line":3,"column":36}},"loc":{"start":{"line":3,"column":43},"end":{"line":8,"column":3}},"line":3},"1":{"name":"(anonymous_1)","decl":{"start":{"line":5,"column":25},"end":{"line":5,"column":26}},"loc":{"start":{"line":5,"column":35},"end":{"line":5,"column":40}},"line":5},"2":{"name":"(anonymous_2)","decl":{"start":{"line":6,"column":34},"end":{"line":6,"column":35}},"loc":{"start":{"line":6,"column":39},"end":{"line":6,"column":49}},"line":6},"3":{"name":"(anonymous_3)","decl":{"start":{"line":6,"column":58},"end":{"line":6,"column":59}},"loc":{"start":{"line":6,"column":68},"end":{"line":6,"column":73}},"line":6},"4":{"name":"createNumObject","decl":{"start":{"line":10,"column":16},"end":{"line":10,"column":31}},"loc":{"start":{"line":10,"column":41},"end":{"line":44,"column":1}},"line":10}},"branchMap":{"0":{"loc":{"start":{"line":12,"column":16},"end":{"line":13,"column":66}},"type":"cond-expr","locations":[{"start":{"line":13,"column":27},"end":{"line":13,"column":49}},{"start":{"line":13,"column":51},"end":{"line":13,"column":66}}],"line":12},"1":{"loc":{"start":{"line":12,"column":17},"end":{"line":13,"column":23}},"type":"binary-expr","locations":[{"start":{"line":12,"column":17},"end":{"line":12,"column":32}},{"start":{"line":13,"column":8},"end":{"line":13,"column":23}}],"line":12},"2":{"loc":{"start":{"line":14,"column":16},"end":{"line":15,"column":69}},"type":"cond-expr","locations":[{"start":{"line":15,"column":27},"end":{"line":15,"column":52}},{"start":{"line":15,"column":54},"end":{"line":15,"column":69}}],"line":14},"3":{"loc":{"start":{"line":14,"column":17},"end":{"line":15,"column":23}},"type":"binary-expr","locations":[{"start":{"line":14,"column":17},"end":{"line":14,"column":32}},{"start":{"line":15,"column":8},"end":{"line":15,"column":23}}],"line":14},"4":{"loc":{"start":{"line":16,"column":17},"end":{"line":17,"column":62}},"type":"cond-expr","locations":[{"start":{"line":17,"column":27},"end":{"line":17,"column":45}},{"start":{"line":17,"column":47},"end":{"line":17,"column":62}}],"line":16},"5":{"loc":{"start":{"line":16,"column":18},"end":{"line":17,"column":23}},"type":"binary-expr","locations":[{"start":{"line":16,"column":18},"end":{"line":16,"column":33}},{"start":{"line":17,"column":8},"end":{"line":17,"column":23}}],"line":16},"6":{"loc":{"start":{"line":18,"column":16},"end":{"line":19,"column":64}},"type":"cond-expr","locations":[{"start":{"line":19,"column":27},"end":{"line":19,"column":47}},{"start":{"line":19,"column":49},"end":{"line":19,"column":64}}],"line":18},"7":{"loc":{"start":{"line":18,"column":17},"end":{"line":19,"column":23}},"type":"binary-expr","locations":[{"start":{"line":18,"column":17},"end":{"line":18,"column":32}},{"start":{"line":19,"column":8},"end":{"line":19,"column":23}}],"line":18},"8":{"loc":{"start":{"line":20,"column":16},"end":{"line":21,"column":69}},"type":"cond-expr","locations":[{"start":{"line":21,"column":27},"end":{"line":21,"column":52}},{"start":{"line":21,"column":54},"end":{"line":21,"column":69}}],"line":20},"9":{"loc":{"start":{"line":20,"column":17},"end":{"line":21,"column":23}},"type":"binary-expr","locations":[{"start":{"line":20,"column":17},"end":{"line":20,"column":32}},{"start":{"line":21,"column":8},"end":{"line":21,"column":23}}],"line":20},"10":{"loc":{"start":{"line":22,"column":17},"end":{"line":23,"column":78}},"type":"cond-expr","locations":[{"start":{"line":23,"column":27},"end":{"line":23,"column":61}},{"start":{"line":23,"column":63},"end":{"line":23,"column":78}}],"line":22},"11":{"loc":{"start":{"line":22,"column":18},"end":{"line":23,"column":23}},"type":"binary-expr","locations":[{"start":{"line":22,"column":18},"end":{"line":22,"column":33}},{"start":{"line":23,"column":8},"end":{"line":23,"column":23}}],"line":22},"12":{"loc":{"start":{"line":24,"column":16},"end":{"line":25,"column":61}},"type":"cond-expr","locations":[{"start":{"line":25,"column":27},"end":{"line":25,"column":44}},{"start":{"line":25,"column":46},"end":{"line":25,"column":61}}],"line":24},"13":{"loc":{"start":{"line":24,"column":17},"end":{"line":25,"column":23}},"type":"binary-expr","locations":[{"start":{"line":24,"column":17},"end":{"line":24,"column":32}},{"start":{"line":25,"column":8},"end":{"line":25,"column":23}}],"line":24},"14":{"loc":{"start":{"line":26,"column":18},"end":{"line":27,"column":53}},"type":"cond-expr","locations":[{"start":{"line":27,"column":27},"end":{"line":27,"column":36}},{"start":{"line":27,"column":38},"end":{"line":27,"column":53}}],"line":26},"15":{"loc":{"start":{"line":26,"column":19},"end":{"line":27,"column":23}},"type":"binary-expr","locations":[{"start":{"line":26,"column":19},"end":{"line":26,"column":34}},{"start":{"line":27,"column":8},"end":{"line":27,"column":23}}],"line":26}},"s":{"0":2,"1":2,"2":6,"3":2,"4":8,"5":6,"6":2,"7":1,"8":1,"9":1,"10":1,"11":1,"12":1,"13":1,"14":1,"15":1,"16":1,"17":1,"18":1,"19":1},"f":{"0":2,"1":6,"2":8,"3":6,"4":1},"b":{"0":[1,0],"1":[1,1],"2":[1,0],"3":[1,1],"4":[1,0],"5":[1,1],"6":[1,0],"7":[1,1],"8":[1,0],"9":[1,1],"10":[1,0],"11":[1,1],"12":[1,0],"13":[1,1],"14":[1,0],"15":[1,1]},"_coverageSchema":"1a1c01bbd47fc00a2c39e90264f33305004495a9","hash":"9698cc05dde67a56e643167a528e2711a2b32593"}
,"/home/tumi/Documents/vef2/verk1/src/txt-to-num.js": {"path":"/home/tumi/Documents/vef2/verk1/src/txt-to-num.js","statementMap":{"0":{"start":{"line":4,"column":17},"end":{"line":4,"column":25}},"1":{"start":{"line":7,"column":17},"end":{"line":7,"column":37}},"2":{"start":{"line":8,"column":17},"end":{"line":8,"column":37}},"3":{"start":{"line":9,"column":20},"end":{"line":9,"column":42}},"4":{"start":{"line":11,"column":16},"end":{"line":16,"column":6}},"5":{"start":{"line":12,"column":8},"end":{"line":12,"column":63}},"6":{"start":{"line":12,"column":32},"end":{"line":12,"column":63}},"7":{"start":{"line":13,"column":8},"end":{"line":13,"column":64}},"8":{"start":{"line":13,"column":32},"end":{"line":13,"column":64}},"9":{"start":{"line":14,"column":8},"end":{"line":14,"column":36}},"10":{"start":{"line":14,"column":25},"end":{"line":14,"column":36}},"11":{"start":{"line":15,"column":8},"end":{"line":15,"column":28}},"12":{"start":{"line":18,"column":21},"end":{"line":18,"column":64}},"13":{"start":{"line":18,"column":43},"end":{"line":18,"column":63}},"14":{"start":{"line":21,"column":19},"end":{"line":21,"column":51}},"15":{"start":{"line":24,"column":4},"end":{"line":24,"column":18}}},"fnMap":{"0":{"name":"TXTtoNUM","decl":{"start":{"line":6,"column":22},"end":{"line":6,"column":30}},"loc":{"start":{"line":6,"column":37},"end":{"line":25,"column":1}},"line":6},"1":{"name":"(anonymous_1)","decl":{"start":{"line":11,"column":40},"end":{"line":11,"column":41}},"loc":{"start":{"line":11,"column":50},"end":{"line":16,"column":5}},"line":11},"2":{"name":"(anonymous_2)","decl":{"start":{"line":18,"column":32},"end":{"line":18,"column":33}},"loc":{"start":{"line":18,"column":43},"end":{"line":18,"column":63}},"line":18}},"branchMap":{"0":{"loc":{"start":{"line":12,"column":8},"end":{"line":12,"column":63}},"type":"if","locations":[{"start":{"line":12,"column":8},"end":{"line":12,"column":63}},{"start":{},"end":{}}],"line":12},"1":{"loc":{"start":{"line":13,"column":8},"end":{"line":13,"column":64}},"type":"if","locations":[{"start":{"line":13,"column":8},"end":{"line":13,"column":64}},{"start":{},"end":{}}],"line":13},"2":{"loc":{"start":{"line":14,"column":8},"end":{"line":14,"column":36}},"type":"if","locations":[{"start":{"line":14,"column":8},"end":{"line":14,"column":36}},{"start":{},"end":{}}],"line":14}},"s":{"0":1,"1":3,"2":3,"3":3,"4":3,"5":38,"6":2,"7":38,"8":2,"9":38,"10":2,"11":36,"12":3,"13":38,"14":3,"15":3},"f":{"0":3,"1":38,"2":38},"b":{"0":[2,36],"1":[2,36],"2":[2,36]},"_coverageSchema":"1a1c01bbd47fc00a2c39e90264f33305004495a9","hash":"8cb021e30457f7e80755da175431a0878f935cc0"}
}
