TN:
SF:src/make-html.js
FN:25,makePage
FN:61,makeSections
FN:63,(anonymous_2)
FN:93,makeHTML
FNF:4
FNH:4
FNDA:1,makePage
FNDA:2,makeSections
FNDA:2,(anonymous_2)
FNDA:1,makeHTML
DA:7,1
DA:8,1
DA:9,1
DA:21,1
DA:26,1
DA:27,1
DA:28,1
DA:29,1
DA:58,1
DA:62,2
DA:63,2
DA:64,2
DA:65,1
DA:80,1
DA:83,1
DA:90,2
DA:94,1
DA:95,1
DA:96,1
DA:98,1
DA:99,1
LF:21
LH:21
BRDA:64,0,0,1
BRDA:64,0,1,1
BRF:2
BRH:2
end_of_record
TN:
SF:src/num-calc.js
FN:3,getStandardDeviation
FN:5,(anonymous_1)
FN:6,(anonymous_2)
FN:6,(anonymous_3)
FN:10,createNumObject
FNF:5
FNH:5
FNDA:2,getStandardDeviation
FNDA:6,(anonymous_1)
FNDA:8,(anonymous_2)
FNDA:6,(anonymous_3)
FNDA:1,createNumObject
DA:4,2
DA:5,6
DA:6,8
DA:7,2
DA:11,1
DA:12,1
DA:14,1
DA:16,1
DA:18,1
DA:20,1
DA:22,1
DA:24,1
DA:26,1
DA:28,1
DA:29,1
DA:30,1
DA:43,1
LF:17
LH:17
BRDA:12,0,0,1
BRDA:12,0,1,0
BRDA:12,1,0,1
BRDA:12,1,1,1
BRDA:14,2,0,1
BRDA:14,2,1,0
BRDA:14,3,0,1
BRDA:14,3,1,1
BRDA:16,4,0,1
BRDA:16,4,1,0
BRDA:16,5,0,1
BRDA:16,5,1,1
BRDA:18,6,0,1
BRDA:18,6,1,0
BRDA:18,7,0,1
BRDA:18,7,1,1
BRDA:20,8,0,1
BRDA:20,8,1,0
BRDA:20,9,0,1
BRDA:20,9,1,1
BRDA:22,10,0,1
BRDA:22,10,1,0
BRDA:22,11,0,1
BRDA:22,11,1,1
BRDA:24,12,0,1
BRDA:24,12,1,0
BRDA:24,13,0,1
BRDA:24,13,1,1
BRDA:26,14,0,1
BRDA:26,14,1,0
BRDA:26,15,0,1
BRDA:26,15,1,1
BRF:32
BRH:24
end_of_record
TN:
SF:src/txt-to-num.js
FN:6,TXTtoNUM
FN:11,(anonymous_1)
FN:18,(anonymous_2)
FNF:3
FNH:3
FNDA:3,TXTtoNUM
FNDA:38,(anonymous_1)
FNDA:38,(anonymous_2)
DA:4,1
DA:7,3
DA:8,3
DA:9,3
DA:11,3
DA:12,38
DA:13,38
DA:14,38
DA:15,36
DA:18,38
DA:21,3
DA:24,3
LF:12
LH:12
BRDA:12,0,0,2
BRDA:12,0,1,36
BRDA:13,1,0,2
BRDA:13,1,1,36
BRDA:14,2,0,2
BRDA:14,2,1,36
BRF:6
BRH:6
end_of_record
